Content-Type: text/plain; charset="utf-8"
MIME-Version: 1.0
Content-Transfer-Encoding: 8bit
Subject: Password reset on 127.0.0.1:8000
From: webmaster@localhost
To: keleven64@gmail.com
Date: Wed, 16 Nov 2022 11:45:04 -0000
Message-ID: <166859910433.12420.5840139618819642453@Shashank>


You're receiving this email because you requested a password reset for your user account at 127.0.0.1:8000.

Please go to the following page and choose a new password:

http://127.0.0.1:8000/accounts/reset/Mg/bezrx4-13a54d54de6fbf0779692d77591ba8b4/

Your username, in case you’ve forgotten: shreyash21

Thanks for using our site!

The 127.0.0.1:8000 team



-------------------------------------------------------------------------------
Content-Type: text/plain; charset="utf-8"
MIME-Version: 1.0
Content-Transfer-Encoding: 8bit
Subject: Password reset on 127.0.0.1:8000
From: webmaster@localhost
To: keleven64@gmail.com
Date: Wed, 16 Nov 2022 11:45:04 -0000
Message-ID: <166859910435.12420.5670585427863630443@Shashank>


You're receiving this email because you requested a password reset for your user account at 127.0.0.1:8000.

Please go to the following page and choose a new password:

http://127.0.0.1:8000/accounts/reset/Mw/bezrx4-69586b54ab582195cd4d90bafe6dba1c/

Your username, in case you’ve forgotten: staff

Thanks for using our site!

The 127.0.0.1:8000 team



-------------------------------------------------------------------------------
